2026-01-16 23:59:31,020 - INFO - sqlalchemy.engine.Engine - BEGIN (implicit)
2026-01-16 23:59:31,022 - INFO - sqlalchemy.engine.Engine - SELECT shifts.employee_id AS employee_id, employees.name AS employee_name, count(shifts.id) AS total_shifts, sum((strftime(?, shifts.end_time) - strftime(?, shifts.start_time)) / (? + 0.0)) AS total_hours 
FROM shifts JOIN employees ON employees.id = shifts.employee_id 
WHERE shifts.shift_date >= ? AND shifts.shift_date <= ? GROUP BY shifts.employee_id, employees.name
2026-01-16 23:59:31,022 - INFO - sqlalchemy.engine.Engine - [cached since 20.31s ago] ('%s', '%s', 3600.0, '2026-01-16', '2026-01-16')
2026-01-16 23:59:31,027 - INFO - sqlalchemy.engine.Engine - ROLLBACK
2026-01-17 00:00:34,602 - INFO - wasty_app - Logging configured: file=logs\wasty_backend.log
2026-01-17 00:00:34,604 - INFO - sqlalchemy.engine.Engine - BEGIN (implicit)
2026-01-17 00:00:34,604 - INFO - sqlalchemy.engine.Engine - PRAGMA main.table_info("employees")
2026-01-17 00:00:34,604 - INFO - sqlalchemy.engine.Engine - [raw sql] ()
2026-01-17 00:00:34,605 - INFO - sqlalchemy.engine.Engine - PRAGMA main.table_info("shifts")
2026-01-17 00:00:34,606 - INFO - sqlalchemy.engine.Engine - [raw sql] ()
2026-01-17 00:00:34,606 - INFO - sqlalchemy.engine.Engine - COMMIT
2026-01-17 00:00:37,605 - INFO - sqlalchemy.engine.Engine - BEGIN (implicit)
2026-01-17 00:00:37,627 - INFO - sqlalchemy.engine.Engine - SELECT shifts.employee_id AS employee_id, employees.name AS employee_name, count(shifts.id) AS total_shifts, sum((strftime(?, shifts.end_time) - strftime(?, shifts.start_time)) / (? + 0.0)) AS total_hours 
FROM shifts JOIN employees ON employees.id = shifts.employee_id 
WHERE shifts.shift_date >= ? AND shifts.shift_date <= ? GROUP BY shifts.employee_id, employees.name
2026-01-17 00:00:37,631 - INFO - sqlalchemy.engine.Engine - [generated in 0.00488s] ('%s', '%s', 3600.0, '2026-01-17', '2026-01-17')
2026-01-17 00:00:37,654 - INFO - sqlalchemy.engine.Engine - ROLLBACK
2026-01-17 00:00:48,518 - INFO - wasty_app - Logging configured: file=logs\wasty_backend.log
2026-01-17 00:00:48,520 - INFO - sqlalchemy.engine.Engine - BEGIN (implicit)
2026-01-17 00:00:48,521 - INFO - sqlalchemy.engine.Engine - PRAGMA main.table_info("employees")
2026-01-17 00:00:48,521 - INFO - sqlalchemy.engine.Engine - [raw sql] ()
2026-01-17 00:00:48,522 - INFO - sqlalchemy.engine.Engine - PRAGMA main.table_info("shifts")
2026-01-17 00:00:48,522 - INFO - sqlalchemy.engine.Engine - [raw sql] ()
2026-01-17 00:00:48,522 - INFO - sqlalchemy.engine.Engine - COMMIT
2026-01-17 00:00:49,754 - INFO - sqlalchemy.engine.Engine - BEGIN (implicit)
2026-01-17 00:00:49,770 - INFO - sqlalchemy.engine.Engine - SELECT shifts.employee_id AS employee_id, employees.name AS employee_name, count(shifts.id) AS total_shifts, sum((strftime(?, shifts.end_time) - strftime(?, shifts.start_time)) / (? + 0.0)) AS total_hours 
FROM shifts JOIN employees ON employees.id = shifts.employee_id 
WHERE shifts.shift_date >= ? AND shifts.shift_date <= ? GROUP BY shifts.employee_id, employees.name
2026-01-17 00:00:49,776 - INFO - sqlalchemy.engine.Engine - [generated in 0.00601s] ('%s', '%s', 3600.0, '2026-01-17', '2026-01-17')
2026-01-17 00:00:49,784 - INFO - sqlalchemy.engine.Engine - ROLLBACK
2026-01-17 00:01:09,726 - INFO - wasty_app - Logging configured: file=logs\wasty_backend.log
2026-01-17 00:01:09,729 - INFO - sqlalchemy.engine.Engine - BEGIN (implicit)
2026-01-17 00:01:09,730 - INFO - sqlalchemy.engine.Engine - PRAGMA main.table_info("employees")
2026-01-17 00:01:09,731 - INFO - sqlalchemy.engine.Engine - [raw sql] ()
2026-01-17 00:01:09,733 - INFO - sqlalchemy.engine.Engine - PRAGMA main.table_info("shifts")
2026-01-17 00:01:09,733 - INFO - sqlalchemy.engine.Engine - [raw sql] ()
2026-01-17 00:01:09,734 - INFO - sqlalchemy.engine.Engine - COMMIT
2026-01-17 00:01:11,099 - INFO - app.services.analytics - inside get_employee_analytics
2026-01-17 00:01:11,102 - INFO - sqlalchemy.engine.Engine - BEGIN (implicit)
2026-01-17 00:01:11,160 - INFO - sqlalchemy.engine.Engine - SELECT shifts.employee_id AS employee_id, employees.name AS employee_name, count(shifts.id) AS total_shifts, sum((strftime(?, shifts.end_time) - strftime(?, shifts.start_time)) / (? + 0.0)) AS total_hours 
FROM shifts JOIN employees ON employees.id = shifts.employee_id 
WHERE shifts.shift_date >= ? AND shifts.shift_date <= ? GROUP BY shifts.employee_id, employees.name
2026-01-17 00:01:11,162 - INFO - sqlalchemy.engine.Engine - [generated in 0.00234s] ('%s', '%s', 3600.0, '2026-01-17', '2026-01-17')
2026-01-17 00:01:11,171 - INFO - sqlalchemy.engine.Engine - ROLLBACK
2026-01-17 00:03:21,556 - INFO - wasty_app - Logging configured: file=logs\wasty_backend.log
2026-01-17 00:03:21,558 - INFO - sqlalchemy.engine.Engine - BEGIN (implicit)
2026-01-17 00:03:21,558 - INFO - sqlalchemy.engine.Engine - PRAGMA main.table_info("employees")
2026-01-17 00:03:21,559 - INFO - sqlalchemy.engine.Engine - [raw sql] ()
2026-01-17 00:03:21,559 - INFO - sqlalchemy.engine.Engine - PRAGMA main.table_info("shifts")
2026-01-17 00:03:21,560 - INFO - sqlalchemy.engine.Engine - [raw sql] ()
2026-01-17 00:03:21,560 - INFO - sqlalchemy.engine.Engine - COMMIT
2026-01-17 00:04:25,595 - INFO - wasty_app - Logging configured: file=logs\wasty_backend.log
2026-01-17 00:04:25,596 - INFO - sqlalchemy.engine.Engine - BEGIN (implicit)
2026-01-17 00:04:25,597 - INFO - sqlalchemy.engine.Engine - PRAGMA main.table_info("employees")
2026-01-17 00:04:25,597 - INFO - sqlalchemy.engine.Engine - [raw sql] ()
2026-01-17 00:04:25,597 - INFO - sqlalchemy.engine.Engine - PRAGMA main.table_info("shifts")
2026-01-17 00:04:25,598 - INFO - sqlalchemy.engine.Engine - [raw sql] ()
2026-01-17 00:04:25,598 - INFO - sqlalchemy.engine.Engine - COMMIT
2026-01-17 00:04:30,310 - INFO - app.services.analytics - inside get_employee_analytics
2026-01-17 00:04:30,311 - INFO - app.services.analytics - inside if
2026-01-17 00:04:30,311 - INFO - app.repositories.schedule - inside get_analytics_by_employee_all_time
2026-01-17 00:04:30,315 - INFO - sqlalchemy.engine.Engine - BEGIN (implicit)
2026-01-17 00:04:30,394 - INFO - sqlalchemy.engine.Engine - SELECT shifts.employee_id AS employee_id, employees.name AS employee_name, count(shifts.id) AS total_shifts, sum((strftime(?, shifts.end_time) - strftime(?, shifts.start_time)) / (? + 0.0)) AS total_hours 
FROM shifts JOIN employees ON employees.id = shifts.employee_id GROUP BY shifts.employee_id, employees.name
2026-01-17 00:04:30,395 - INFO - sqlalchemy.engine.Engine - [generated in 0.00129s] ('%s', '%s', 3600.0)
2026-01-17 00:04:30,403 - INFO - sqlalchemy.engine.Engine - ROLLBACK
2026-01-17 00:09:10,685 - INFO - wasty_app - Logging configured: file=logs\wasty_backend.log
2026-01-17 00:09:10,686 - INFO - sqlalchemy.engine.Engine - BEGIN (implicit)
2026-01-17 00:09:10,687 - INFO - sqlalchemy.engine.Engine - PRAGMA main.table_info("employees")
2026-01-17 00:09:10,687 - INFO - sqlalchemy.engine.Engine - [raw sql] ()
2026-01-17 00:09:10,688 - INFO - sqlalchemy.engine.Engine - PRAGMA main.table_info("shifts")
2026-01-17 00:09:10,688 - INFO - sqlalchemy.engine.Engine - [raw sql] ()
2026-01-17 00:09:10,689 - INFO - sqlalchemy.engine.Engine - COMMIT
2026-01-17 00:09:23,030 - INFO - wasty_app - Logging configured: file=logs\wasty_backend.log
2026-01-17 00:09:23,032 - INFO - sqlalchemy.engine.Engine - BEGIN (implicit)
2026-01-17 00:09:23,032 - INFO - sqlalchemy.engine.Engine - PRAGMA main.table_info("employees")
2026-01-17 00:09:23,033 - INFO - sqlalchemy.engine.Engine - [raw sql] ()
2026-01-17 00:09:23,034 - INFO - sqlalchemy.engine.Engine - PRAGMA main.table_info("shifts")
2026-01-17 00:09:23,034 - INFO - sqlalchemy.engine.Engine - [raw sql] ()
2026-01-17 00:09:23,035 - INFO - sqlalchemy.engine.Engine - COMMIT
2026-01-17 00:09:51,082 - INFO - app.services.analytics - inside get_employee_analytics
2026-01-17 00:09:51,083 - INFO - app.services.analytics - inside if
2026-01-17 00:09:51,083 - INFO - app.repositories.schedule - inside get_analytics_by_employee_all_time
2026-01-17 00:09:51,087 - INFO - sqlalchemy.engine.Engine - BEGIN (implicit)
2026-01-17 00:09:51,126 - INFO - sqlalchemy.engine.Engine - SELECT shifts.employee_id AS employee_id, employees.name AS employee_name, count(shifts.id) AS total_shifts, sum((strftime(?, shifts.end_time) - strftime(?, shifts.start_time)) / (? + 0.0)) AS total_hours 
FROM shifts JOIN employees ON employees.id = shifts.employee_id GROUP BY shifts.employee_id, employees.name
2026-01-17 00:09:51,130 - INFO - sqlalchemy.engine.Engine - [generated in 0.00240s] ('%s', '%s', 3600.0)
2026-01-17 00:09:51,149 - INFO - sqlalchemy.engine.Engine - ROLLBACK
2026-01-17 00:10:23,271 - INFO - wasty_app - Logging configured: file=logs\wasty_backend.log
2026-01-17 00:10:23,273 - INFO - sqlalchemy.engine.Engine - BEGIN (implicit)
2026-01-17 00:10:23,274 - INFO - sqlalchemy.engine.Engine - PRAGMA main.table_info("employees")
2026-01-17 00:10:23,274 - INFO - sqlalchemy.engine.Engine - [raw sql] ()
2026-01-17 00:10:23,275 - INFO - sqlalchemy.engine.Engine - PRAGMA main.table_info("shifts")
2026-01-17 00:10:23,276 - INFO - sqlalchemy.engine.Engine - [raw sql] ()
2026-01-17 00:10:23,277 - INFO - sqlalchemy.engine.Engine - COMMIT
2026-01-17 00:10:26,184 - INFO - app.services.analytics - inside get_employee_analytics
2026-01-17 00:10:26,185 - INFO - app.services.analytics - inside if
2026-01-17 00:10:26,186 - INFO - app.repositories.schedule - inside get_analytics_by_employee_all_time
2026-01-17 00:10:26,189 - INFO - sqlalchemy.engine.Engine - BEGIN (implicit)
2026-01-17 00:10:26,340 - INFO - sqlalchemy.engine.Engine - SELECT shifts.employee_id AS employee_id, employees.name AS employee_name, count(shifts.id) AS total_shifts, sum((strftime(?, shifts.end_time) - strftime(?, shifts.start_time)) / (? + 0.0)) AS total_hours 
FROM shifts JOIN employees ON employees.id = shifts.employee_id GROUP BY shifts.employee_id, employees.name
2026-01-17 00:10:26,358 - INFO - sqlalchemy.engine.Engine - [generated in 0.01895s] ('%s', '%s', 3600.0)
2026-01-17 00:10:26,402 - INFO - sqlalchemy.engine.Engine - ROLLBACK
2026-01-17 00:10:30,448 - INFO - app.services.analytics - inside get_employee_analytics
2026-01-17 00:10:30,449 - INFO - app.services.analytics - inside if
2026-01-17 00:10:30,450 - INFO - app.repositories.schedule - inside get_analytics_by_employee_all_time
2026-01-17 00:10:30,452 - INFO - sqlalchemy.engine.Engine - BEGIN (implicit)
2026-01-17 00:10:30,454 - INFO - sqlalchemy.engine.Engine - SELECT shifts.employee_id AS employee_id, employees.name AS employee_name, count(shifts.id) AS total_shifts, sum((strftime(?, shifts.end_time) - strftime(?, shifts.start_time)) / (? + 0.0)) AS total_hours 
FROM shifts JOIN employees ON employees.id = shifts.employee_id GROUP BY shifts.employee_id, employees.name
2026-01-17 00:10:30,455 - INFO - sqlalchemy.engine.Engine - [cached since 4.115s ago] ('%s', '%s', 3600.0)
2026-01-17 00:10:30,462 - INFO - sqlalchemy.engine.Engine - ROLLBACK
2026-01-17 00:11:17,592 - INFO - wasty_app - Logging configured: file=logs\wasty_backend.log
2026-01-17 00:11:17,593 - INFO - sqlalchemy.engine.Engine - BEGIN (implicit)
2026-01-17 00:11:17,594 - INFO - sqlalchemy.engine.Engine - PRAGMA main.table_info("employees")
2026-01-17 00:11:17,594 - INFO - sqlalchemy.engine.Engine - [raw sql] ()
2026-01-17 00:11:17,595 - INFO - sqlalchemy.engine.Engine - PRAGMA main.table_info("shifts")
2026-01-17 00:11:17,595 - INFO - sqlalchemy.engine.Engine - [raw sql] ()
2026-01-17 00:11:17,595 - INFO - sqlalchemy.engine.Engine - COMMIT
